Restore Archived Project report for lab5
Wed Feb 22 16:42:00 2023
Quartus Prime Version 18.1.0 Build 625 09/12/2018 SJ Lite Edition


---------------------
; Table of Contents ;
---------------------
  1. Legal Notice
  2. Restore Archived Project Summary
  3. Restore Archived Project Messages
  4. Files Restored
  5. Files Not Restored



----------------
; Legal Notice ;
----------------
Copyright (C) 2018  Intel Corporation. All rights reserved.
Your use of Intel Corporation's design tools, logic functions 
and other software and tools, and its AMPP partner logic 
functions, and any output files from any of the foregoing 
(including device programming or simulation files), and any 
associated documentation or information are expressly subject 
to the terms and conditions of the Intel Program License 
Subscription Agreement, the Intel Quartus Prime License Agreement,
the Intel FPGA IP License Agreement, or other applicable license
agreement, including, without limitation, that your use is for
the sole purpose of programming logic devices manufactured by
Intel and sold by Intel or its authorized distributors.  Please
refer to the applicable agreement for further details.



+-------------------------------------------------------------------------+
; Restore Archived Project Summary                                        ;
+---------------------------------+---------------------------------------+
; Restore Archived Project Status ; Successful - Wed Feb 22 16:42:00 2023 ;
; Revision Name                   ; lab5                                  ;
; Top-level Entity Name           ; slc3_testtop                          ;
; Family                          ; MAX 10                                ;
+---------------------------------+---------------------------------------+


+-----------------------------------+
; Restore Archived Project Messages ;
+-----------------------------------+
Info: Successfully restored 'C:/Users/user1/Desktop/ECE 385/Lab_5/lab5_22.qar' into the 'C:/Users/user1/Desktop/ECE 385/Lab_5/lab5_22_restored/' directory
Info: Generated report 'lab5.restore.rpt'
Info (23030): Evaluation of Tcl script c:/intelfpga_lite/18.1/quartus/common/tcl/apps/qpm/qar.tcl was successful
Info: Quartus Prime Shell was successful. 0 errors, 0 warnings
    Info: Peak virtual memory: 4818 megabytes
    Info: Processing ended: Wed Feb 22 16:42:00 2023
    Info: Elapsed time: 00:00:02
    Info: Total CPU time (on all processors): 00:00:01


+-------------------------+
; Files Restored          ;
+-------------------------+
; File Name               ;
+-------------------------+
; qar_info.json           ;
; HexDriver.sv            ;
; ISDU.sv                 ;
; Instantiateram.sv       ;
; Mem2IO.sv               ;
; SLC3_2.sv               ;
; assignment_defaults.qdf ;
; datapath.sv             ;
; lab5.qpf                ;
; lab5.qsf                ;
; memory_contents.sv      ;
; mux2_1_16.sv            ;
; mux4_1_16.sv            ;
; reg_16.sv               ;
; slc3.sv                 ;
; slc3Test.sv             ;
; slc3_testtop.sv         ;
; synchronizers.sv        ;
; test_memory.sv          ;
+-------------------------+


+--------------------+
; Files Not Restored ;
+--------------------+
; File Name          ;
+--------------------+


